|SourceProjectName:GEOM.hpr
|DestinationProjectName:geom.html
whhost.js
whmsg.js
whmozemu.js
whproxy.js
whstub.js
whutils.js
whver.js
whform.js
whphost.js
whstart.js
whtopic.js
whframes.js
whlang.js
whskin_info.htm
whskin_blank.htm
whnjs.htm
whthost.js
whtdhtml.htm
whihost.js
whibody.htm
whiform.htm
whfhost.js
whfbody.htm
whfform.htm
whghost.js
whgbody.htm
whgdhtml.htm
whgdef.htm
whproj.js
whproj.xml
whproj.htm
whdata\whtoc.js
whdata\whtoc.xml
whdata\whtoc.htm
whdata\whtdata.js
whdata\whidx.js
whdata\whidx.xml
whdata\whidx.htm
whdata\whidata.js
whdata\whfts.js
whdata\whfts.xml
whdata\whfts.htm
whdata\whglo.js
whdata\whglo.xml
whdata\whglo.htm
whdata\whgdata.js
whdata\whftdata.js
whdata\whfwdata.js
whres.xml
webhelp.jar
webhelp.cab
whgdata\whnvp30.htm
whgdata\whnvp31.htm
whgdata\whnvp32.htm
whgdata\whnvp33.htm
whgdata\whnvt30.htm
whgdata\whnvt31.htm
whgdata\whnvt32.htm
whgdata\whnvt33.htm
whgdata\whnvf30.htm
whgdata\whnvf31.htm
whgdata\whnvf32.htm
whgdata\whnvf33.htm
whgdata\whnvl31.htm
whgdata\whnvl32.htm
whgdata\whnvl33.htm
whgdata\whexpbar.gif
cshdat_webhelp.htm
cshdat_robohelp.htm
wht_tab0.gif
wht_tab1.gif
wht_tab2.gif
wht_tab3.gif
wht_tab4.gif
wht_tab5.gif
wht_tab6.gif
wht_tab7.gif
wht_tab8.gif
wht_glo_h.gif
wht_glo_n.gif
wht_fts_h.gif
wht_fts_n.gif
wht_idx_h.gif
wht_idx_n.gif
wht_toc_h.gif
wht_toc_n.gif
wht_ws.gif
wht_ws_g.gif
wht_logo1.gif
wht_logo2.gif
wht_abgw.jpg
wht_abgi.jpg
wht_abge.jpg
wht_abtw.jpg
wht_abte.jpg
wht_abti.jpg
wht_spac.gif
wht_next.gif
wht_next_g.gif
wht_prev.gif
wht_prev_g.gif
wht_sync.gif
wht_hide.gif
wht_go.gif
whstart.ico
whestart.ico
whrstart.ico
whidhtml.htm
whfdhtml.htm
whskin_banner.htm
whtbar.js
default.skn
whskin_pdhtml.htm
whskin_papplet.htm
whskin_plist.htm
whskin_tbars.htm
whskin_mbars.htm
wht_toc4.gif
wht_toc1.gif
wht_toc2.gif
wht_toc3.gif
whskin_frmset010.htm
whst_topics.xml
whskin_frmset01.htm
geom_hha.hhk
geom.hhc
geom.hhk
changing_displaying_parameters.htm
files\introduction_to_geom.htm
files\salome2_sp3_basicgui_functions.htm
files\salome2_sp3_booleangui_functions.htm
files\salome2_sp3_buildgui_functions.htm
files\salome2_sp3_displaygui_functions.htm
files\salome2_sp3_generationgui_functions.htm
files\salome2_sp3_geomtoolsgui_functions.htm
files\salome2_sp3_measuregui_functions.htm
files\salome2_sp3_operationgui_functions.htm
files\salome2_sp3_primitivegui_functions.htm
files\salome2_sp3_repairgui_functions.htm
files\salome2_sp3_transformationgui_functions.htm
geom.glo
default.css
image23.gif
image59.jpg
image26.jpg
image12.gif
image15.jpg
files\salome2_sp3_repairgui_functions_salome2_sp3_repairgui_functions_image119.gif
files\salome2_sp3_primitivegui_functions_salome2_sp3_primitivegui_functions_image99.gif
files\salome2_sp3_measuregui_functions_salome2_sp3_measuregui_functions_image77.gif
image3.jpg
files\salome2_sp3_basicgui_functions_salome2_sp3_basicgui_functions_image34.gif
salome2_sp3_buildgui_functions_salome2_sp3_buildgui_functions_image16.gif
image140.jpg
image24.gif
image27.jpg
image13.gif
image16.jpg
files\salome2_sp3_measuregui_functions_salome2_sp3_measuregui_functions_image78.gif
salome2_sp3_buildgui_functions_salome2_sp3_buildgui_functions_image17.gif
image141.jpg
image25.gif
image130.jpg
image28.jpg
image14.gif
image17.jpg
image2.gif
image5.jpg
files\salome2_sp3_transformationgui_functions_salome2_sp3_transformationgui_functions_image130.gif
salome2_sp3_buildgui_functions_salome2_sp3_buildgui_functions_image18.gif
image142.jpg
image131.jpg
image120.jpg
image15.gif
image29.jpg
image18.jpg
files\salome2_sp3_transformationgui_functions_salome2_sp3_transformationgui_functions_image131.gif
files\salome2_sp3_primitivegui_functions_salome2_sp3_primitivegui_functions_image100.gif
salome2_sp3_buildgui_functions_salome2_sp3_buildgui_functions_image19.gif
image132.jpg
image121.jpg
image110.jpg
image90.jpg
image16.gif
image19.jpg
image7.jpg
image4.gif
files\salome2_sp3_transformationgui_functions_salome2_sp3_transformationgui_functions_image132.gif
files\salome2_sp3_primitivegui_functions_salome2_sp3_primitivegui_functions_image101.gif
files\salome2_sp3_basicgui_functions_salome2_sp3_basicgui_functions_image27.gif
image133.jpg
image122.jpg
image111.jpg
image100.jpg
image91.jpg
image80.jpg
image17.gif
image8.jpg
image5.gif
files\salome2_sp3_transformationgui_functions_salome2_sp3_transformationgui_functions_image133.gif
files\salome2_sp3_primitivegui_functions_salome2_sp3_primitivegui_functions_image102.gif
files\salome2_sp3_basicgui_functions_salome2_sp3_basicgui_functions_image28.gif
image134.jpg
image123.jpg
image112.jpg
image101.jpg
image92.jpg
image81.jpg
image70.jpg
image9.jpg
image6.gif
files\salome2_sp3_primitivegui_functions_salome2_sp3_primitivegui_functions_image103.gif
files\salome2_sp3_basicgui_functions_salome2_sp3_basicgui_functions_image29.gif
image135.jpg
image124.jpg
image113.jpg
image102.jpg
image93.jpg
image82.jpg
image71.jpg
image19.gif
image60.jpg
image7.gif
files\salome2_sp3_repairgui_functions_salome2_sp3_repairgui_functions_image120.gif
files\salome2_sp3_operationgui_functions_salome2_sp3_operationgui_functions_image87.gif
i_blue.jpg
image136.jpg
image125.jpg
image114.jpg
image103.jpg
image94.jpg
image83.jpg
image72.jpg
image61.jpg
image8.gif
files\salome2_sp3_repairgui_functions_salome2_sp3_repairgui_functions_image121.gif
files\salome2_sp3_operationgui_functions_salome2_sp3_operationgui_functions_image88.gif
image137.jpg
image126.jpg
image115.jpg
image104.jpg
image95.jpg
image84.jpg
image73.jpg
image62.jpg
image51.jpg
files\salome2_sp3_displaygui_functions_salome2_sp3_displaygui_functions_image51.gif
image9.gif
files\salome2_sp3_repairgui_functions_salome2_sp3_repairgui_functions_image122.gif
files\salome2_sp3_operationgui_functions_salome2_sp3_operationgui_functions_image89.gif
image138.jpg
image127.jpg
image116.jpg
image105.jpg
image96.jpg
image85.jpg
image74.jpg
image63.jpg
image52.jpg
files\salome2_sp3_displaygui_functions_salome2_sp3_displaygui_functions_image52.gif
files\salome2_sp3_booleangui_functions_salome2_sp3_booleangui_functions_image1.gif
image139.jpg
image128.jpg
image117.jpg
image106.jpg
image97.jpg
image86.jpg
image75.jpg
image53.jpg
image20.jpg
files\salome2_sp3_transformationgui_functions_salome2_sp3_transformationgui_functions_image128.gif
files\salome2_sp3_measuregui_functions_salome2_sp3_measuregui_functions_image71.gif
files\salome2_sp3_generationgui_functions_salome2_sp3_generationgui_functions_image56.gif
files\salome2_sp3_displaygui_functions_salome2_sp3_displaygui_functions_image53.gif
files\salome2_sp3_booleangui_functions_salome2_sp3_booleangui_functions_image2.gif
image129.jpg
image118.jpg
image107.jpg
image98.jpg
image87.jpg
image76.jpg
image65.jpg
image54.jpg
image21.jpg
image10.jpg
files\salome2_sp3_transformationgui_functions_salome2_sp3_transformationgui_functions_image129.gif
files\salome2_sp3_measuregui_functions_salome2_sp3_measuregui_functions_image72.gif
files\salome2_sp3_generationgui_functions_salome2_sp3_generationgui_functions_image57.gif
files\salome2_sp3_displaygui_functions_salome2_sp3_displaygui_functions_image54.gif
files\salome2_sp3_booleangui_functions_salome2_sp3_booleangui_functions_image3.gif
image119.jpg
image108.jpg
image99.jpg
image88.jpg
image77.jpg
image66.jpg
image55.jpg
image22.jpg
image11.jpg
files\salome2_sp3_measuregui_functions_salome2_sp3_measuregui_functions_image73.gif
files\salome2_sp3_generationgui_functions_salome2_sp3_generationgui_functions_image58.gif
files\salome2_sp3_displaygui_functions_salome2_sp3_displaygui_functions_image55.gif
files\salome2_sp3_booleangui_functions_salome2_sp3_booleangui_functions_image4.gif
files\salome2_sp3_basicgui_functions_salome2_sp3_basicgui_functions_image30.gif
image109.jpg
image89.jpg
image78.jpg
image20.gif
image67.jpg
image56.jpg
image23.jpg
image12.jpg
files\salome2_sp3_measuregui_functions_salome2_sp3_measuregui_functions_image74.gif
files\salome2_sp3_generationgui_functions_salome2_sp3_generationgui_functions_image59.gif
files\salome2_sp3_basicgui_functions_salome2_sp3_basicgui_functions_image31.gif
salome2_sp3_buildgui_functions_salome2_sp3_buildgui_functions_image13.gif
image79.jpg
image21.gif
image68.jpg
image57.jpg
image24.jpg
image13.jpg
files\salome2_sp3_measuregui_functions_salome2_sp3_measuregui_functions_image75.gif
files\salome2_sp3_basicgui_functions_salome2_sp3_basicgui_functions_image32.gif
salome2_sp3_buildgui_functions_salome2_sp3_buildgui_functions_image14.gif
image22.gif
image69.jpg
image58.jpg
image11.gif
image14.jpg
files\salome2_sp3_operationgui_functions_salome2_sp3_operationgui_functions_image90.gif
files\salome2_sp3_measuregui_functions_salome2_sp3_measuregui_functions_image76.gif
files\salome2_sp3_basicgui_functions_salome2_sp3_basicgui_functions_image33.gif
salome2_sp3_buildgui_functions_salome2_sp3_buildgui_functions_image15.gif
ehlpdhtm.js
geom.ppf
default_ns.css
whdata\whtdata0.xml
whdata\whtdata0.htm
whdata\whftdata0.xml
whdata\whftdata0.htm
whdata\whfwdata0.xml
whdata\whfwdata0.htm
whdata\whgdata0.xml
whdata\whgdata0.htm
whgdata\whlstt0.htm
whgdata\whlstt1.htm
whgdata\whlstt2.htm
whgdata\whlstt3.htm
whgdata\whlstt4.htm
whgdata\whlsti0.htm
whgdata\whlstfl0.htm
whgdata\whlstfl1.htm
whgdata\whlstfl2.htm
whgdata\whlstfl3.htm
whgdata\whlstfl4.htm
whgdata\whlstfl5.htm
whgdata\whlstfl6.htm
whgdata\whlstfl7.htm
whgdata\whlstfl8.htm
whgdata\whlstfl9.htm
whgdata\whlstfl10.htm
whgdata\whlstfl11.htm
whgdata\whlstfl12.htm
whgdata\whlstfl13.htm
whgdata\whlstfl14.htm
whgdata\whlstfl15.htm
whgdata\whlstfl16.htm
whgdata\whlstfl17.htm
whgdata\whlstfl18.htm
whgdata\whlstfl19.htm
whgdata\whlstfl20.htm
whgdata\whlstf0.htm
whgdata\whlstf1.htm
whgdata\whlstf2.htm
whgdata\whlstg0.htm
geom.html
geom_csh.html
geom_rhc.html
