|SourceProjectName:GEOM.hpr
|DestinationProjectName:geom.htm
whhost.js
whmsg.js
whmozemu.js
whproxy.js
whstub.js
whutils.js
whver.js
whform.js
whphost.js
whstart.js
whtopic.js
whframes.js
whlang.js
whskin_info.htm
whskin_blank.htm
whskin_pickup.htm
whskin_homepage.htm
whskin_tw.htm
whnjs.htm
whthost.js
whtdhtml.htm
whihost.js
whibody.htm
whiform.htm
whfhost.js
whfbody.htm
whfform.htm
whghost.js
whgbody.htm
whgdhtml.htm
whgdef.htm
whproj.js
whproj.xml
whproj.htm
whxdata\whtoc.xml
whxdata\whidx.xml
whxdata\whfts.xml
whxdata\whglo.xml
whdata\whtoc.js
whdata\whtoc.htm
whdata\whtdata.js
whdata\whidx.js
whdata\whidx.htm
whdata\whidata.js
whdata\whfts.js
whdata\whfts.htm
whdata\whglo.js
whdata\whglo.htm
whdata\whgdata.js
whdata\whftdata.js
whdata\whfwdata.js
whres.xml
webhelp.jar
webhelp.cab
whgdata\whnvp30.htm
whgdata\whnvp31.htm
whgdata\whnvp32.htm
whgdata\whnvp33.htm
whgdata\whnvt30.htm
whgdata\whnvt31.htm
whgdata\whnvt32.htm
whgdata\whnvt33.htm
whgdata\whnvf30.htm
whgdata\whnvf31.htm
whgdata\whnvf32.htm
whgdata\whnvf33.htm
whgdata\whnvl31.htm
whgdata\whnvl32.htm
whgdata\whnvl33.htm
whgdata\whexpbar.gif
cshdat_webhelp.htm
whcsh_home.htm
whcshdata.htm
cshdat_robohelp.htm
wht_tab0.gif
wht_tab1.gif
wht_tab2.gif
wht_tab3.gif
wht_tab4.gif
wht_tab5.gif
wht_tab6.gif
wht_tab7.gif
wht_tab8.gif
wht_glo_h.gif
wht_glo_n.gif
wht_fts_h.gif
wht_fts_n.gif
wht_idx_h.gif
wht_idx_n.gif
wht_toc_h.gif
wht_toc_n.gif
wht_ws.gif
wht_ws_g.gif
wht_logo1.gif
wht_logo2.gif
wht_abgw.jpg
wht_abgi.jpg
wht_abge.jpg
wht_abtw.jpg
wht_abte.jpg
wht_abti.jpg
wht_spac.gif
wht_next.gif
wht_next_g.gif
wht_prev.gif
wht_prev_g.gif
wht_sync.gif
wht_hide.gif
wht_go.gif
whstart.ico
whestart.ico
whrstart.ico
whidhtml.htm
whfdhtml.htm
whskin_banner.htm
whtbar.js
whskin_pdhtml.htm
whskin_papplet.htm
whskin_plist.htm
whskin_tbars.htm
whskin_mbars.htm
wht_toc4.gif
wht_toc1.gif
wht_toc2.gif
wht_toc3.gif
whskin_frmset010.htm
whst_topics.xml
whskin_frmset01.htm
geom_hha.hhk
geom.hhc
geom.hhk
add_point_on_edge.htm
arc.htm
archimede.htm
basic_geometrical_objects.htm
basic_operations.htm
blocks.htm
blocks_operations.htm
boolean_operations.htm
box.htm
building_by_blocks.htm
chamfer.htm
changing_display_parameters.htm
changing_displaying_parameters.htm
check_free_boundaries.htm
check_free_faces.htm
circle.htm
close_contour.htm
color.htm
common.htm
complex_objects.htm
compound.htm
cone.htm
curve.htm
cut.htm
cylinder.htm
edge.htm
ellipse.htm
explode.htm
explode_on_blocks.htm
extrusion.htm
face.htm
files\introduction_to_geom.htm
files\salome2_sp3_basicgui_functions.htm
files\salome2_sp3_booleangui_functions.htm
files\salome2_sp3_buildgui_functions.htm
files\salome2_sp3_displaygui_functions.htm
files\salome2_sp3_generationgui_functions.htm
files\salome2_sp3_geomtoolsgui_functions.htm
files\salome2_sp3_measuregui_functions.htm
files\salome2_sp3_operationgui_functions.htm
files\salome2_sp3_primitivegui_functions.htm
files\salome2_sp3_repairgui_functions.htm
files\salome2_sp3_transformationgui_functions.htm
fillet.htm
filling.htm
fuse.htm
geometrical_objects.htm
glue_faces.htm
groups.htm
isos.htm
line.htm
local_coordinate_system.htm
measurement_tools.htm
mirror_image.htm
modify_the_location.htm
multi_rotation.htm
multi_transformation.htm
multi_translation.htm
newentity_blocks.htm
offset_surface.htm
partition.htm
pipe_creation.htm
plane.htm
point.htm
primitives.htm
propagate.htm
repairing_operations.htm
revolution.htm
rotation.htm
scale_transform.htm
section.htm
sewing.htm
shape_processing.htm
shell.htm
sketcher.htm
sketcher_tui.htm
solid.htm
sphere.htm
suppress_faces.htm
suppress_holes.htm
suppress_internal_wires.htm
transformation_operations.htm
translation.htm
transparency.htm
turus.htm
vector.htm
wire.htm
wireframe_and_shading.htm
working_plane.htm
working_with_groups.htm
ehelp.xml
geom.glo
default.css
pics\chamfer_all.png
pics\edgesn.png
pics\boxes.png
pics\mtrans1.png
pics\transformation3.png
pics\mtransf2.png
pics\export.png
image15.jpg
image204.jpg
image56.gif
image149.jpg
image127.jpg
image23.gif
image12.gif
files\salome2_sp3_measuregui_functions_salome2_sp3_measuregui_functions_image73.gif
files\salome2_sp3_displaygui_functions_salome2_sp3_displaygui_functions_image55.gif
files\salome2_sp3_booleangui_functions_salome2_sp3_booleangui_functions_image4.gif
salome2_sp3_buildgui_functions_salome2_sp3_buildgui_functions_image17.gif
pics\archimedesn1.png
pics\neo-basicprop.png
pics\mtrans2.png
pics\transformation4.png
pics\mtransf3.png
pics\plane1.png
image16.jpg
image57.gif
image35.gif
image128.jpg
image24.gif
image27.jpg
image13.gif
files\salome2_sp3_measuregui_functions_salome2_sp3_measuregui_functions_image74.gif
salome2_sp3_buildgui_functions_salome2_sp3_buildgui_functions_image18.gif
pics\suppress_faces1.png
pics\mirror_axissn1.png
pics\archimedesn2.png
pics\revolutionsn.png
pics\ellipsesn.png
pics\transformation10.png
pics\transformation5.png
pics\mtransf4.png
pics\plane2.png
image206.jpg
image25.gif
image129.jpg
image14.gif
files\salome2_sp3_measuregui_functions_salome2_sp3_measuregui_functions_image75.gif
files\salome2_sp3_basicgui_functions_salome2_sp3_basicgui_functions_image30.gif
salome2_sp3_buildgui_functions_salome2_sp3_buildgui_functions_image19.gif
pics\suppress_faces2.png
pics\multi_translation1dsn.png
pics\mirror_axissn2.png
pics\multi_transformationsn2d.png
pics\archimedesn3.png
pics\wiresn.png
pics\transformation11.png
pics\transformation6.png
pics\block1.png
pics\creategroup.png
pics\pipe.png
pics\torus1.png
pics\plane3.png
image59.gif
image37.gif
image15.gif
image18.jpg
files\salome2_sp3_transformationgui_functions_salome2_sp3_transformationgui_functions_image130.gif
files\salome2_sp3_operationgui_functions_salome2_sp3_operationgui_functions_image87.gif
files\salome2_sp3_measuregui_functions_salome2_sp3_measuregui_functions_image76.gif
files\salome2_sp3_basicgui_functions_salome2_sp3_basicgui_functions_image31.gif
pics\multi_transformationsn1d.png
pics\fillingsn.png
pics\spheres.png
pics\polyline.png
pics\neo-obj1.png
pics\repair1.png
pics\transformation7.png
pics\block2.png
pics\torus2.png
image27.gif
image191.jpg
image180.jpg
image49.gif
image109.jpg
image16.gif
files\salome2_sp3_transformationgui_functions_salome2_sp3_transformationgui_functions_image131.gif
files\salome2_sp3_repairgui_functions_salome2_sp3_repairgui_functions_image119.gif
files\salome2_sp3_operationgui_functions_salome2_sp3_operationgui_functions_image88.gif
files\salome2_sp3_measuregui_functions_salome2_sp3_measuregui_functions_image77.gif
files\salome2_sp3_basicgui_functions_salome2_sp3_basicgui_functions_image32.gif
image28.gif
selectcolor.png
pics\glue_faces1.png
pics\supp_int_wires1.png
pics\fusesn1.png
pics\transparencysn.png
pics\arcsn.png
pics\points.png
pics\neo-obj2.png
pics\neo-localcs1.png
pics\measures10.png
pics\repair2.png
pics\transformation8.png
pics\block3.png
image181.jpg
image170.jpg
image80.jpg
image17.gif
files\salome2_sp3_transformationgui_functions_salome2_sp3_transformationgui_functions_image132.gif
files\salome2_sp3_operationgui_functions_salome2_sp3_operationgui_functions_image89.gif
files\salome2_sp3_measuregui_functions_salome2_sp3_measuregui_functions_image78.gif
image3.jpg
files\salome2_sp3_basicgui_functions_salome2_sp3_basicgui_functions_image33.gif
pics\neo-isos.png
pics\glue_faces2.png
pics\supp_int_wires2.png
pics\sectionsn.png
pics\fusesn2.png
pics\toruses.png
pics\circles.png
pics\neo-materials.png
pics\neo-obj3.png
pics\neo-localcs2.png
pics\measures1.png
pics\repair3.png
pics\transformation9.png
pics\bool1.png
pics\partition1.png
pics\block4.png
pics\sphere1.png
image193.jpg
image29.gif
image171.jpg
image160.jpg
image81.jpg
files\salome2_sp3_transformationgui_functions_salome2_sp3_transformationgui_functions_image133.gif
files\salome2_sp3_basicgui_functions_salome2_sp3_basicgui_functions_image34.gif
pics\chamfer_faces.png
pics\fillet_prism.png
pics\rotationsn1.png
pics\disp_mode1sn.png
pics\pipesn.png
pics\pipe_wire_edgesn.png
pics\cones.png
pics\planes1.png
pics\lines.png
pics\neo-obj4.png
pics\neo-localcs3.png
pics\repair4.png
pics\bool2.png
pics\partition2.png
pics\block5.png
pics\sphere2.png
pics\point1.png
pics\import.png
image172.jpg
image150.jpg
image82.jpg
image19.gif
pics\rotationsn2.png
pics\disp_mode2sn.png
pics\neo-detect2.png
pics\neo-section.png
pics\neo-obj5.png
pics\measures3.png
pics\repair5.png
pics\bool3.png
pics\chamfer1.png
pics\filling.png
pics\revolution.png
pics\arc.png
pics\ellipse.png
pics\circle1.png
image3.gif
image151.jpg
image94.jpg
image83.jpg
files\salome2_sp3_generationgui_functions_salome2_sp3_generationgui_functions_image56.gif
pics\isos_u12_v12sn.png
pics\free_boudaries1.png
pics\multi_rotation1d1.png
pics\multi_translation2dsn.png
pics\offsetsn.png
pics\compoundsn.png
pics\prisms_basessn.png
pics\cylinders.png
pics\vectors.png
pics\neo-obj6.png
pics\measures4.png
pics\repair6.png
pics\chamfer2.png
pics\cone1.png
pics\circle2.png
pics\point3.png
image185.jpg
image163.jpg
image130.jpg
image95.jpg
image84.jpg
files\salome2_sp3_generationgui_functions_salome2_sp3_generationgui_functions_image57.gif
pics\free_boudaries2.png
pics\multi_rotation2d1.png
pics\multi_rotation1d2.png
pics\mirror_pointsn1.png
pics\new-tolerance.png
pics\neo-obj7.png
pics\neo-point2.png
pics\measures5.png
pics\repair7.png
pics\chamfer3.png
pics\cone2.png
image197.jpg
image164.jpg
image96.jpg
image85.jpg
image52.jpg
image8.jpg
files\salome2_sp3_generationgui_functions_salome2_sp3_generationgui_functions_image58.gif
files\salome2_sp3_basicgui_functions_salome2_sp3_basicgui_functions_image27.gif
pics\chamfer_edge.png
pics\fillet_edge.png
pics\multi_rotation2d2.png
pics\scale_transformsn1.png
pics\mirror_pointsn2.png
pics\cutsn.png
pics\shellsn.png
pics\filling_compoundsn.png
pics\prismssn.png
pics\neo-mrot1.png
pics\repair8.png
pics\cylinder1.png
pics\vector1.png
image61.gif
image154.jpg
image121.jpg
image110.jpg
image97.jpg
image53.jpg
image9.jpg
image6.gif
files\salome2_sp3_generationgui_functions_salome2_sp3_generationgui_functions_image59.gif
files\salome2_sp3_basicgui_functions_salome2_sp3_basicgui_functions_image28.gif
pics\scale_transformsn2.png
pics\translationsn1.png
pics\facesn1.png
pics\neo-mrot2.png
pics\repair9.png
pics\cylinder2.png
pics\vector2.png
image188.jpg
image51.gif
image133.jpg
image122.jpg
image98.jpg
image76.jpg
image54.jpg
image7.gif
image10.jpg
files\salome2_sp3_transformationgui_functions_salome2_sp3_transformationgui_functions_image128.gif
files\salome2_sp3_repairgui_functions_salome2_sp3_repairgui_functions_image121.gif
files\salome2_sp3_operationgui_functions_salome2_sp3_operationgui_functions_image90.gif
files\salome2_sp3_basicgui_functions_salome2_sp3_basicgui_functions_image29.gif
i_blue.jpg
image30.gif
pics\free_faces1.png
pics\fillet_all.png
pics\translationsn2.png
pics\partitionsn1.png
pics\colorsn.png
pics\facesn2.png
pics\interpol.png
pics\measures8.png
pics\fillet1.png
pics\archimede.png
pics\workplane4.png
image189.jpg
image52.gif
image167.jpg
image156.jpg
image41.gif
image145.jpg
image112.jpg
files\salome2_sp3_displaygui_functions_salome2_sp3_displaygui_functions_image51.gif
image8.gif
image11.jpg
files\salome2_sp3_transformationgui_functions_salome2_sp3_transformationgui_functions_image129.gif
files\salome2_sp3_repairgui_functions_salome2_sp3_repairgui_functions_image122.gif
files\salome2_sp3_primitivegui_functions_salome2_sp3_primitivegui_functions_image100.gif
files\salome2_sp3_primitivegui_functions_salome2_sp3_primitivegui_functions_image99.gif
salome2_sp3_buildgui_functions_salome2_sp3_buildgui_functions_image13.gif
image31.gif
pics\commonsn.png
pics\free_faces2.png
pics\mirror_planesn1.png
pics\block_explodesn.png
pics\partitionsn2.png
pics\solidsn.png
pics\facesn3.png
pics\distance.png
pics\neo-scetcher1.png
pics\neo-transparency.png
pics\measures9.png
pics\fillet2.png
pics\workplane5.png
image201.jpg
image53.gif
image168.jpg
image42.gif
image124.jpg
image113.jpg
image78.jpg
image20.gif
image67.jpg
image9.gif
image12.jpg
files\salome2_sp3_primitivegui_functions_salome2_sp3_primitivegui_functions_image101.gif
files\salome2_sp3_displaygui_functions_salome2_sp3_displaygui_functions_image52.gif
files\salome2_sp3_booleangui_functions_salome2_sp3_booleangui_functions_image1.gif
salome2_sp3_buildgui_functions_salome2_sp3_buildgui_functions_image14.gif
pics\mirror_planesn2.png
pics\neo-scetcher2.png
pics\transformation1.png
pics\fillet3.png
pics\box1.png
pics\workplane6.png
pics\curve.png
pics\line.png
image10.gif
image202.jpg
image147.jpg
image32.gif
image79.jpg
image21.gif
files\salome2_sp3_primitivegui_functions_salome2_sp3_primitivegui_functions_image102.gif
files\salome2_sp3_measuregui_functions_salome2_sp3_measuregui_functions_image71.gif
files\salome2_sp3_displaygui_functions_salome2_sp3_displaygui_functions_image53.gif
files\salome2_sp3_booleangui_functions_salome2_sp3_booleangui_functions_image2.gif
salome2_sp3_buildgui_functions_salome2_sp3_buildgui_functions_image15.gif
pics\multi_translation_initialsn.png
pics\plane_on_face.png
pics\bezier.png
pics\repair10.png
pics\transformation2.png
pics\mtransf1.png
pics\editgroup.png
pics\extrusion.png
pics\box2.png
image44.gif
image22.gif
image11.gif
files\salome2_sp3_primitivegui_functions_salome2_sp3_primitivegui_functions_image103.gif
files\salome2_sp3_measuregui_functions_salome2_sp3_measuregui_functions_image72.gif
files\salome2_sp3_displaygui_functions_salome2_sp3_displaygui_functions_image54.gif
files\salome2_sp3_booleangui_functions_salome2_sp3_booleangui_functions_image3.gif
salome2_sp3_buildgui_functions_salome2_sp3_buildgui_functions_image16.gif
ehlpdhtm.js
geom.ppf
default_ns.css
whxdata\whtdata0.xml
whxdata\whftdata0.xml
whxdata\whfwdata0.xml
whxdata\whgdata0.xml
whdata\whtdata0.htm
whdata\whftdata0.htm
whdata\whfwdata0.htm
whdata\whgdata0.htm
whgdata\whlstt0.htm
whgdata\whlstt1.htm
whgdata\whlstt2.htm
whgdata\whlstt3.htm
whgdata\whlstt4.htm
whgdata\whlstt5.htm
whgdata\whlstt6.htm
whgdata\whlstt7.htm
whgdata\whlstt8.htm
whgdata\whlstt9.htm
whgdata\whlstt10.htm
whgdata\whlstt11.htm
whgdata\whlstt12.htm
whgdata\whlstt13.htm
whgdata\whlstt14.htm
whgdata\whlstt15.htm
whgdata\whlstt16.htm
whgdata\whlstt17.htm
whgdata\whlsti0.htm
whgdata\whlstfl0.htm
whgdata\whlstfl1.htm
whgdata\whlstfl2.htm
whgdata\whlstfl3.htm
whgdata\whlstfl4.htm
whgdata\whlstfl5.htm
whgdata\whlstfl6.htm
whgdata\whlstfl7.htm
whgdata\whlstfl8.htm
whgdata\whlstfl9.htm
whgdata\whlstfl10.htm
whgdata\whlstfl11.htm
whgdata\whlstfl12.htm
whgdata\whlstfl13.htm
whgdata\whlstfl14.htm
whgdata\whlstfl15.htm
whgdata\whlstfl16.htm
whgdata\whlstfl17.htm
whgdata\whlstfl18.htm
whgdata\whlstfl19.htm
whgdata\whlstfl20.htm
whgdata\whlstfl21.htm
whgdata\whlstfl22.htm
whgdata\whlstfl23.htm
whgdata\whlstfl24.htm
whgdata\whlstfl25.htm
whgdata\whlstf0.htm
whgdata\whlstf1.htm
whgdata\whlstf2.htm
whgdata\whlstf3.htm
whgdata\whlstf4.htm
whgdata\whlstf5.htm
whgdata\whlstf6.htm
whgdata\whlstf7.htm
whgdata\whlstf8.htm
whgdata\whlstf9.htm
whgdata\whlstf10.htm
whgdata\whlstf11.htm
whgdata\whlstf12.htm
whgdata\whlstf13.htm
whgdata\whlstf14.htm
whgdata\whlstf15.htm
whgdata\whlstg0.htm
geom.htm
geom_csh.htm
geom_rhc.htm
